<?xml version="1.0" encoding="UTF-8"?>
<testng-results skipped="0" failed="0" ignored="0" total="1" passed="1">
  <reporter-output>
  </reporter-output>
  <suite name="Suite" duration-ms="4399" started-at="2018-02-04T10:40:37Z" finished-at="2018-02-04T10:40:41Z">
    <groups>
    </groups>
    <test name="Test" duration-ms="4399" started-at="2018-02-04T10:40:37Z" finished-at="2018-02-04T10:40:41Z">
      <class name="qsp.DemoB">
        <test-method status="PASS" signature="testA()[pri:0, instance:qsp.DemoB@59a6e353]" name="testA" duration-ms="4366" started-at="2018-02-04T16:10:37Z" finished-at="2018-02-04T16:10:41Z">
          <reporter-output>
          </reporter-output>
        </test-method> <!-- testA -->
      </class> <!-- qsp.DemoB -->
    </test> <!-- Test -->
  </suite> <!-- Suite -->
</testng-results>
