<?xml version="1.0" encoding="UTF-8"?>
<testng-results skipped="0" failed="0" ignored="0" total="1" passed="1">
  <reporter-output>
  </reporter-output>
  <suite name="Suite" duration-ms="7417" started-at="2018-02-04T10:39:56Z" finished-at="2018-02-04T10:40:04Z">
    <groups>
    </groups>
    <test name="Test" duration-ms="7417" started-at="2018-02-04T10:39:56Z" finished-at="2018-02-04T10:40:04Z">
      <class name="qsp.DemoB">
        <test-method status="PASS" signature="testA()[pri:0, instance:qsp.DemoB@36d4b5c]" name="testA" duration-ms="7379" started-at="2018-02-04T16:09:56Z" finished-at="2018-02-04T16:10:04Z">
          <reporter-output>
          </reporter-output>
        </test-method> <!-- testA -->
      </class> <!-- qsp.DemoB -->
    </test> <!-- Test -->
  </suite> <!-- Suite -->
</testng-results>
